<?xml version="1.0" encoding="UTF-8"?>
<testsuite xmlns:xsi="http://www.w3.org/2001/XMLSchema-instance" xsi:noNamespaceSchemaLocation="https://maven.apache.org/surefire/maven-surefire-plugin/xsd/surefire-test-report-3.0.xsd" version="3.0" name="ai.traceai.ollama.TracedOllamaAPIE2ETest" time="4.277" tests="5" errors="0" skipped="0" failures="0">
  <properties>
[...]
</properties>
  <testcase name="shouldExportGenerateSpan" classname="ai.traceai.ollama.TracedOllamaAPIE2ETest" time="0.051">
    <system-out><![CDATA[[E2E] Error (span still exported): Cannot invoke "io.github.ollama4j.utils.Options.getOptionsMap()" because "options" is null
]]></system-out>
    <system-err><![CDATA[SLF4J: No SLF4J providers were found.
SLF4J: Defaulting to no-operation (NOP) logger implementation
SLF4J: See https://www.slf4j.org/codes.html#noProviders for further details.
Feb 22, 2026 2:36:30 AM io.opentelemetry.exporter.logging.LoggingSpanExporter export
INFO: 'Ollama Generate' : bb134afed789ba952cef4c67891257af 5626a0c4a9df0b25 INTERNAL [tracer: traceai-java:0.1.0] AttributesMap{data={fi.span.kind=LLM, gen_ai.request.model=llama3.2:1b, input.value=Say 'Hello from Java E2E test' and nothing else., gen_ai.provider.name=ollama, error.type=java.lang.NullPointerException, gen_ai.input.messages=[{"role":"user","content":"Say 'Hello from Java E2E test' and nothing else."}], error.message=Cannot invoke "io.github.ollama4j.utils.Options.getOptionsMap()" because "options" is null}, capacity=128, totalAddedValues=9}
]]></system-err>
  </testcase>
  <testcase name="shouldExportChatSpan" classname="ai.traceai.ollama.TracedOllamaAPIE2ETest" time="0.599">
    <system-out><![CDATA[[E2E] Error (span still exported): null
]]></system-out>
    <system-err><![CDATA[Feb 22, 2026 2:36:30 AM io.opentelemetry.exporter.logging.LoggingSpanExporter export
INFO: 'Ollama Chat' : 22e12c864c5f510591d324bd5ccc9fcf 2fb56d9cf9941677 INTERNAL [tracer: traceai-java:0.1.0] AttributesMap{data={fi.span.kind=LLM, gen_ai.request.model=llama3.2:1b, fi.raw_input=[{"role":"USER","content":"What is 2 + 2? Reply with just the number.","images":null}], gen_ai.provider.name=ollama, error.type=java.net.ConnectException, gen_ai.input.messages=[{"role":"user","content":"What is 2 + 2? Reply with just the number."}]}, capacity=128, totalAddedValues=7}
]]></system-err>
  </testcase>
  <testcase name="shouldExportEmbedSpan" classname="ai.traceai.ollama.TracedOllamaAPIE2ETest" time="0.016">
    <system-out><![CDATA[[E2E] Error (span still exported): null
]]></system-out>
    <system-err><![CDATA[Feb 22, 2026 2:36:30 AM io.opentelemetry.exporter.logging.LoggingSpanExporter export
INFO: 'Ollama Embed' : afe640eef66806494c23643f55ea20a6 01f870c4906d5079 INTERNAL [tracer: traceai-java:0.1.0] AttributesMap{data={fi.span.kind=EMBEDDING, input.value=Hello from Java E2E test, gen_ai.provider.name=ollama, error.type=java.net.ConnectException, embedding.model_name=llama3.2:1b}, capacity=128, totalAddedValues=6}
]]></system-err>
  </testcase>
  <testcase name="shouldExportListModelsSpan" classname="ai.traceai.ollama.TracedOllamaAPIE2ETest" time="0.016">
    <system-out><![CDATA[[E2E] Error (span still exported): null
]]></system-out>
    <system-err><![CDATA[Feb 22, 2026 2:36:30 AM io.opentelemetry.exporter.logging.LoggingSpanExporter export
INFO: 'Ollama List Models' : 93832c15cd58fc35925bd616a1a7b751 823f03ef54f80594 INTERNAL [tracer: traceai-java:0.1.0] AttributesMap{data={fi.span.kind=LLM, gen_ai.provider.name=ollama, error.type=java.net.ConnectException}, capacity=128, totalAddedValues=3}
]]></system-err>
  </testcase>
  <testcase name="shouldCreateTracedApiSuccessfully" classname="ai.traceai.ollama.TracedOllamaAPIE2ETest" time="0.165"/>
</testsuite>