<?xml version="1.0" encoding="UTF-8"?>
<testsuite xmlns:xsi="http://www.w3.org/2001/XMLSchema-instance" xsi:noNamespaceSchemaLocation="https://maven.apache.org/surefire/maven-surefire-plugin/xsd/surefire-test-report-3.0.xsd" version="3.0" name="ai.traceai.azure.openai.TracedAzureOpenAIClientE2ETest" time="5.349" tests="4" errors="0" skipped="0" failures="0">
  <properties>
[...]
</properties>
  <testcase name="shouldExportChatCompletionsSpan" classname="ai.traceai.azure.openai.TracedAzureOpenAIClientE2ETest" time="1.335">
    <system-out><![CDATA[[E2E] Error (span still exported): Status code 401, "{"error":{"code":"401","message":"Access denied due to invalid subscription key or wrong API endpoint. Make sure to provide a valid key for an active subscription and use a correct regional API endpoint for your resource."}}"
]]></system-out>
    <system-err><![CDATA[SLF4J: No SLF4J providers were found.
SLF4J: Defaulting to no-operation (NOP) logger implementation
SLF4J: See https://www.slf4j.org/codes.html#noProviders for further details.
Feb 22, 2026 2:36:11 AM io.opentelemetry.exporter.logging.LoggingSpanExporter export
INFO: 'Azure OpenAI Chat Completion' : 970cb224d0ed467eb89b09fff7fbd1c9 02c60d0ddcf41b38 INTERNAL [tracer: traceai-java:0.1.0] AttributesMap{data={error.message=Status code 401, "{"error":{"code":"401","message":"Access denied due to invalid subscription key or wrong API endpoint. Make sure to provide a valid key for an active subscription and use a correct regional API endpoint for your resource."}}", gen_ai.input.messages=[{"role":"user","content":"Say 'Hello from Java E2E test' and nothing else."}], error.type=com.azure.core.exception.ClientAuthenticationException, gen_ai.provider.name=azure, gen_ai.request.max_tokens=50, fi.span.kind=LLM, gen_ai.request.model=gpt-4o-mini, fi.raw_input=com.azure.ai.openai.models.ChatCompletionsOptions@57bd2029}, capacity=128, totalAddedValues=10}
]]></system-err>
  </testcase>
  <testcase name="shouldExportEmbeddingsSpan" classname="ai.traceai.azure.openai.TracedAzureOpenAIClientE2ETest" time="0.174">
    <system-out><![CDATA[[E2E] Error (span still exported): Status code 401, "{"error":{"code":"401","message":"Access denied due to invalid subscription key or wrong API endpoint. Make sure to provide a valid key for an active subscription and use a correct regional API endpoint for your resource."}}"
]]></system-out>
    <system-err><![CDATA[Feb 22, 2026 2:36:11 AM io.opentelemetry.exporter.logging.LoggingSpanExporter export
INFO: 'Azure OpenAI Embedding' : c37819a17a07feae29b51f0bfe96a4a3 0dad1ada9c0eac8b INTERNAL [tracer: traceai-java:0.1.0] AttributesMap{data={embedding.model_name=text-embedding-ada-002, error.message=Status code 401, "{"error":{"code":"401","message":"Access denied due to invalid subscription key or wrong API endpoint. Make sure to provide a valid key for an active subscription and use a correct regional API endpoint for your resource."}}", error.type=com.azure.core.exception.ClientAuthenticationException, gen_ai.provider.name=azure, fi.span.kind=EMBEDDING, fi.raw_input={"user":null,"model":null,"input":["Hello from Java E2E test"],"inputType":null,"dimensions":null,"encodingFormat":null}}, capacity=128, totalAddedValues=7}
]]></system-err>
  </testcase>
  <testcase name="shouldExportCompletionsSpan" classname="ai.traceai.azure.openai.TracedAzureOpenAIClientE2ETest" time="0.177">
    <system-out><![CDATA[[E2E] Error (span still exported): Status code 401, "{"error":{"code":"401","message":"Access denied due to invalid subscription key or wrong API endpoint. Make sure to provide a valid key for an active subscription and use a correct regional API endpoint for your resource."}}"
]]></system-out>
    <system-err><![CDATA[Feb 22, 2026 2:36:11 AM io.opentelemetry.exporter.logging.LoggingSpanExporter export
INFO: 'Azure OpenAI Completion' : 7a2e7aaa3fb07ed40e8b4129437d8caf 64ee8439a31d0b03 INTERNAL [tracer: traceai-java:0.1.0] AttributesMap{data={error.message=Status code 401, "{"error":{"code":"401","message":"Access denied due to invalid subscription key or wrong API endpoint. Make sure to provide a valid key for an active subscription and use a correct regional API endpoint for your resource."}}", gen_ai.input.messages=[{"role":"user","content":"The capital of France is"}], error.type=com.azure.core.exception.ClientAuthenticationException, gen_ai.provider.name=azure, gen_ai.request.max_tokens=20, fi.span.kind=LLM, gen_ai.request.model=gpt-4o-mini, fi.raw_input={"prompt":["The capital of France is"],"maxTokens":20,"temperature":null,"topP":null,"logitBias":null,"user":null,"n":null,"logprobs":null,"echo":null,"stop":null,"presencePenalty":null,"frequencyPenalty":null,"bestOf":null,"stream":null,"model":null,"suffix":null,"seed":null,"streamOptions":null}}, capacity=128, totalAddedValues=10}
]]></system-err>
  </testcase>
  <testcase name="shouldCreateTracedClientSuccessfully" classname="ai.traceai.azure.openai.TracedAzureOpenAIClientE2ETest" time="0.039"/>
</testsuite>