<?xml version="1.0" encoding="UTF-8"?>
<testsuite xmlns:xsi="http://www.w3.org/2001/XMLSchema-instance" xsi:noNamespaceSchemaLocation="https://maven.apache.org/surefire/maven-surefire-plugin/xsd/surefire-test-report-3.0.xsd" version="3.0" name="ai.traceai.azure.openai.TracedAzureOpenAIClientTest" time="1.257" tests="35" errors="0" skipped="0" failures="0">
  <properties>
[...]
</properties>
  <testcase name="shouldSetOutputValueFromFirstChoice" classname="ai.traceai.azure.openai.TracedAzureOpenAIClientTest" time="0.981">
    <system-err><![CDATA[SLF4J: No SLF4J providers were found.
SLF4J: Defaulting to no-operation (NOP) logger implementation
SLF4J: See https://www.slf4j.org/codes.html#noProviders for further details.
]]></system-err>
  </testcase>
  <testcase name="shouldHandleEmptyChoicesInChatCompletions" classname="ai.traceai.azure.openai.TracedAzureOpenAIClientTest" time="0.011"/>
  <testcase name="shouldSetResponseAttributesForChatCompletions" classname="ai.traceai.azure.openai.TracedAzureOpenAIClientTest" time="0.007"/>
  <testcase name="shouldSetSystemAttributesForChatCompletions" classname="ai.traceai.azure.openai.TracedAzureOpenAIClientTest" time="0.007"/>
  <testcase name="shouldReturnUnwrappedClient" classname="ai.traceai.azure.openai.TracedAzureOpenAIClientTest" time="0.002"/>
  <testcase name="shouldSetTokenCountsForEmbeddings" classname="ai.traceai.azure.openai.TracedAzureOpenAIClientTest" time="0.019"/>
  <testcase name="shouldCaptureInputMessagesForChatCompletions" classname="ai.traceai.azure.openai.TracedAzureOpenAIClientTest" time="0.006"/>
  <testcase name="shouldSetEmbeddingMetadata" classname="ai.traceai.azure.openai.TracedAzureOpenAIClientTest" time="0.003"/>
  <testcase name="shouldCaptureSystemMessageRole" classname="ai.traceai.azure.openai.TracedAzureOpenAIClientTest" time="0.006"/>
  <testcase name="shouldReturnSameClientOnMultipleUnwrapCalls" classname="ai.traceai.azure.openai.TracedAzureOpenAIClientTest" time="0.002"/>
  <testcase name="shouldCaptureInputPromptsForCompletions" classname="ai.traceai.azure.openai.TracedAzureOpenAIClientTest" time="0.018"/>
  <testcase name="shouldSetFinishReasonForCompletions" classname="ai.traceai.azure.openai.TracedAzureOpenAIClientTest" time="0.004"/>
  <testcase name="shouldHandleNullMessagesInChatCompletions" classname="ai.traceai.azure.openai.TracedAzureOpenAIClientTest" time="0.003"/>
  <testcase name="shouldRecordErrorOnChatCompletionsFailure" classname="ai.traceai.azure.openai.TracedAzureOpenAIClientTest" time="0.008"/>
  <testcase name="shouldCreateWithCustomTracer" classname="ai.traceai.azure.openai.TracedAzureOpenAIClientTest" time="0.001"/>
  <testcase name="shouldCaptureToolCallsFromChatCompletions" classname="ai.traceai.azure.openai.TracedAzureOpenAIClientTest" time="0.032"/>
  <testcase name="shouldHandleEmptyEmbeddingsData" classname="ai.traceai.azure.openai.TracedAzureOpenAIClientTest" time="0.002"/>
  <testcase name="shouldSetOutputValueFromFirstCompletionChoice" classname="ai.traceai.azure.openai.TracedAzureOpenAIClientTest" time="0.003"/>
  <testcase name="shouldRecordErrorOnEmbeddingsFailure" classname="ai.traceai.azure.openai.TracedAzureOpenAIClientTest" time="0.002"/>
  <testcase name="shouldCaptureOutputChoicesForCompletions" classname="ai.traceai.azure.openai.TracedAzureOpenAIClientTest" time="0.004"/>
  <testcase name="shouldHandleNullEmbeddingsData" classname="ai.traceai.azure.openai.TracedAzureOpenAIClientTest" time="0.002"/>
  <testcase name="shouldSetRequestParametersForCompletions" classname="ai.traceai.azure.openai.TracedAzureOpenAIClientTest" time="0.003"/>
  <testcase name="shouldCreateSpanForEmbeddings" classname="ai.traceai.azure.openai.TracedAzureOpenAIClientTest" time="0.002"/>
  <testcase name="shouldSetTokenCountsForCompletions" classname="ai.traceai.azure.openai.TracedAzureOpenAIClientTest" time="0.003"/>
  <testcase name="shouldCreateSpanForCompletions" classname="ai.traceai.azure.openai.TracedAzureOpenAIClientTest" time="0.003"/>
  <testcase name="shouldHandleNullPromptsInCompletions" classname="ai.traceai.azure.openai.TracedAzureOpenAIClientTest" time="0.028"/>
  <testcase name="shouldSetRequestParametersForChatCompletions" classname="ai.traceai.azure.openai.TracedAzureOpenAIClientTest" time="0.003"/>
  <testcase name="shouldCaptureOutputMessagesForChatCompletions" classname="ai.traceai.azure.openai.TracedAzureOpenAIClientTest" time="0.004"/>
  <testcase name="shouldRecordErrorOnCompletionsFailure" classname="ai.traceai.azure.openai.TracedAzureOpenAIClientTest" time="0.001"/>
  <testcase name="shouldSetTokenCountsForChatCompletions" classname="ai.traceai.azure.openai.TracedAzureOpenAIClientTest" time="0.003"/>
  <testcase name="shouldSetResponseAttributesForCompletions" classname="ai.traceai.azure.openai.TracedAzureOpenAIClientTest" time="0.002"/>
  <testcase name="shouldSetSystemAttributesForCompletions" classname="ai.traceai.azure.openai.TracedAzureOpenAIClientTest" time="0.002"/>
  <testcase name="shouldSetSystemAttributesForEmbeddings" classname="ai.traceai.azure.openai.TracedAzureOpenAIClientTest" time="0.004"/>
  <testcase name="shouldHandleEmptyChoicesInCompletions" classname="ai.traceai.azure.openai.TracedAzureOpenAIClientTest" time="0.005"/>
  <testcase name="shouldCreateSpanForChatCompletions" classname="ai.traceai.azure.openai.TracedAzureOpenAIClientTest" time="0.007"/>
</testsuite>