<?xml version="1.0" encoding="UTF-8"?>
<testsuite xmlns:xsi="http://www.w3.org/2001/XMLSchema-instance" xsi:noNamespaceSchemaLocation="https://maven.apache.org/surefire/maven-surefire-plugin/xsd/surefire-test-report-3.0.xsd" version="3.0" name="ai.traceai.semantickernel.TracedChatCompletionServiceTest" time="0.052" tests="9" errors="0" skipped="0" failures="0">
  <properties>
[...]
</properties>
  <testcase name="shouldDelegateGetModelId" classname="ai.traceai.semantickernel.TracedChatCompletionServiceTest" time="0.027"/>
  <testcase name="shouldReturnTracer" classname="ai.traceai.semantickernel.TracedChatCompletionServiceTest" time="0.001"/>
  <testcase name="shouldSetLLMAttributes" classname="ai.traceai.semantickernel.TracedChatCompletionServiceTest" time="0.01"/>
  <testcase name="shouldCaptureOutputMessages" classname="ai.traceai.semantickernel.TracedChatCompletionServiceTest" time="0.002"/>
  <testcase name="shouldCaptureInputMessages" classname="ai.traceai.semantickernel.TracedChatCompletionServiceTest" time="0.002"/>
  <testcase name="shouldDelegateGetServiceId" classname="ai.traceai.semantickernel.TracedChatCompletionServiceTest" time="0.002"/>
  <testcase name="shouldHandleErrors" classname="ai.traceai.semantickernel.TracedChatCompletionServiceTest" time="0.001"/>
  <testcase name="shouldUnwrapToOriginalService" classname="ai.traceai.semantickernel.TracedChatCompletionServiceTest" time="0.003"/>
  <testcase name="shouldSetCorrectSpanKindForChatCompletion" classname="ai.traceai.semantickernel.TracedChatCompletionServiceTest" time="0.002"/>
</testsuite>