<?xml version="1.0" encoding="UTF-8"?>
<testsuite xmlns:xsi="http://www.w3.org/2001/XMLSchema-instance" xsi:noNamespaceSchemaLocation="https://maven.apache.org/surefire/maven-surefire-plugin/xsd/surefire-test-report-3.0.xsd" version="3.0" name="ai.traceai.watsonx.TracedWatsonxAITest" time="0.554" tests="33" errors="0" skipped="0" failures="0">
  <properties>
[...]
</properties>
  <testcase name="testGenerateText_capturesTokenCounts" classname="ai.traceai.watsonx.TracedWatsonxAITest" time="0.474"/>
  <testcase name="testEmbedText_truncatesLargeInputList" classname="ai.traceai.watsonx.TracedWatsonxAITest" time="0.004"/>
  <testcase name="testChat_createsSpanWithCorrectAttributes" classname="ai.traceai.watsonx.TracedWatsonxAITest" time="0.005"/>
  <testcase name="testGenerateText_withNullInput" classname="ai.traceai.watsonx.TracedWatsonxAITest" time="0.002"/>
  <testcase name="testChat_withEmptyMessagesList" classname="ai.traceai.watsonx.TracedWatsonxAITest" time="0.002"/>
  <testcase name="testGenerateText_withNullModelId" classname="ai.traceai.watsonx.TracedWatsonxAITest" time="0.002"/>
  <testcase name="testGenerateText_handlesError" classname="ai.traceai.watsonx.TracedWatsonxAITest" time="0.003"/>
  <testcase name="testChat_capturesMessages" classname="ai.traceai.watsonx.TracedWatsonxAITest" time="0.002"/>
  <testcase name="testGenerateTextStream_createsSpanWithCorrectName" classname="ai.traceai.watsonx.TracedWatsonxAITest" time="0.001"/>
  <testcase name="testGenerateTextStream_capturesInput" classname="ai.traceai.watsonx.TracedWatsonxAITest" time="0.001"/>
  <testcase name="testGenerateText_capturesInputAndOutput" classname="ai.traceai.watsonx.TracedWatsonxAITest" time="0.002"/>
  <testcase name="testGenerateTextStream_handlesError" classname="ai.traceai.watsonx.TracedWatsonxAITest" time="0.001"/>
  <testcase name="testEmbedText_withEmptyInputsList" classname="ai.traceai.watsonx.TracedWatsonxAITest" time="0.001"/>
  <testcase name="testGenerateTextStream_withParameters" classname="ai.traceai.watsonx.TracedWatsonxAITest" time="0.001"/>
  <testcase name="testEmbedText_withTruncateInputTokens" classname="ai.traceai.watsonx.TracedWatsonxAITest" time="0.0"/>
  <testcase name="testEmbedText_capturesVectorCountAndDimensions" classname="ai.traceai.watsonx.TracedWatsonxAITest" time="0.005"/>
  <testcase name="testConstructorWithClientOnly" classname="ai.traceai.watsonx.TracedWatsonxAITest" time="0.001"/>
  <testcase name="testGenerateText_withResultsList" classname="ai.traceai.watsonx.TracedWatsonxAITest" time="0.003"/>
  <testcase name="testChat_capturesResponseId" classname="ai.traceai.watsonx.TracedWatsonxAITest" time="0.002"/>
  <testcase name="testGenerateText_createsSpanWithCorrectAttributes" classname="ai.traceai.watsonx.TracedWatsonxAITest" time="0.001"/>
  <testcase name="testChat_handlesError" classname="ai.traceai.watsonx.TracedWatsonxAITest" time="0.002"/>
  <testcase name="testChat_capturesFinishReason" classname="ai.traceai.watsonx.TracedWatsonxAITest" time="0.001"/>
  <testcase name="testGenerateText_withParameters" classname="ai.traceai.watsonx.TracedWatsonxAITest" time="0.001"/>
  <testcase name="testEmbedText_capturesInputTokenCount" classname="ai.traceai.watsonx.TracedWatsonxAITest" time="0.001"/>
  <testcase name="testChat_capturesTokenUsage" classname="ai.traceai.watsonx.TracedWatsonxAITest" time="0.002"/>
  <testcase name="testEmbedText_capturesInputValue" classname="ai.traceai.watsonx.TracedWatsonxAITest" time="0.001"/>
  <testcase name="testGenerateText_withSpaceId" classname="ai.traceai.watsonx.TracedWatsonxAITest" time="0.001"/>
  <testcase name="testEmbedText_handlesError" classname="ai.traceai.watsonx.TracedWatsonxAITest" time="0.001"/>
  <testcase name="testEmbedText_createsSpanWithCorrectAttributes" classname="ai.traceai.watsonx.TracedWatsonxAITest" time="0.001"/>
  <testcase name="testEmbedText_withSpaceId" classname="ai.traceai.watsonx.TracedWatsonxAITest" time="0.001"/>
  <testcase name="testGenerateText_capturesStopReason" classname="ai.traceai.watsonx.TracedWatsonxAITest" time="0.001"/>
  <testcase name="testUnwrap_returnsOriginalClient" classname="ai.traceai.watsonx.TracedWatsonxAITest" time="0.002"/>
  <testcase name="testChat_withParameters" classname="ai.traceai.watsonx.TracedWatsonxAITest" time="0.001"/>
</testsuite>