<?xml version="1.0" encoding="UTF-8"?>
<testsuite xmlns:xsi="http://www.w3.org/2001/XMLSchema-instance" xsi:noNamespaceSchemaLocation="https://maven.apache.org/surefire/maven-surefire-plugin/xsd/surefire-test-report-3.0.xsd" version="3.0" name="ai.traceai.watsonx.TracedWatsonxAIE2ETest" time="3.188" tests="4" errors="0" skipped="0" failures="0">
  <properties>
[...]
</properties>
  <testcase name="shouldExportGenerateTextSpan" classname="ai.traceai.watsonx.TracedWatsonxAIE2ETest" time="0.016">
    <system-out><![CDATA[[E2E] Error (span still exported): Watsonx text generation failed
]]></system-out>
    <system-err><![CDATA[SLF4J: No SLF4J providers were found.
SLF4J: Defaulting to no-operation (NOP) logger implementation
SLF4J: See https://www.slf4j.org/codes.html#noProviders for further details.
Feb 22, 2026 2:36:48 AM io.opentelemetry.exporter.logging.LoggingSpanExporter export
INFO: 'Watsonx Text Generation' : e6d6c6e547cb6cc0c9fad1465484ebfd 0461ca1e4efeb7c9 INTERNAL [tracer: traceai-java:0.1.0] AttributesMap{data={gen_ai.provider.name=ibm, fi.span.kind=LLM, fi.raw_input=dummy-request, error.message=generateText, error.type=java.lang.NoSuchMethodException}, capacity=128, totalAddedValues=6}
]]></system-err>
  </testcase>
  <testcase name="shouldExportChatSpan" classname="ai.traceai.watsonx.TracedWatsonxAIE2ETest" time="0.001">
    <system-out><![CDATA[[E2E] Error (span still exported): Watsonx chat failed
]]></system-out>
    <system-err><![CDATA[Feb 22, 2026 2:36:48 AM io.opentelemetry.exporter.logging.LoggingSpanExporter export
INFO: 'Watsonx Chat' : 3795aef870b67223934220def90d8b85 88579b4ae7b75e5d INTERNAL [tracer: traceai-java:0.1.0] AttributesMap{data={gen_ai.provider.name=ibm, fi.span.kind=LLM, fi.raw_input=dummy-request, error.message=chat, error.type=java.lang.NoSuchMethodException}, capacity=128, totalAddedValues=6}
]]></system-err>
  </testcase>
  <testcase name="shouldExportEmbedTextSpan" classname="ai.traceai.watsonx.TracedWatsonxAIE2ETest" time="0.001">
    <system-out><![CDATA[[E2E] Error (span still exported): Watsonx embed failed
]]></system-out>
    <system-err><![CDATA[Feb 22, 2026 2:36:48 AM io.opentelemetry.exporter.logging.LoggingSpanExporter export
INFO: 'Watsonx Embed' : a4178c3fc0d3a92685aecbc11444e881 c4be84d850180ec3 INTERNAL [tracer: traceai-java:0.1.0] AttributesMap{data={gen_ai.provider.name=ibm, fi.span.kind=EMBEDDING, fi.raw_input=dummy-request, error.message=embedText, error.type=java.lang.NoSuchMethodException}, capacity=128, totalAddedValues=6}
]]></system-err>
  </testcase>
  <testcase name="shouldCreateTracedClientSuccessfully" classname="ai.traceai.watsonx.TracedWatsonxAIE2ETest" time="0.013"/>
</testsuite>