<?xml version="1.0" encoding="UTF-8"?>
<testsuite xmlns:xsi="http://www.w3.org/2001/XMLSchema-instance" xsi:noNamespaceSchemaLocation="https://maven.apache.org/surefire/maven-surefire-plugin/xsd/surefire-test-report-3.0.xsd" version="3.0" name="ai.traceai.pinecone.TracedPineconeIndexE2ETest" time="0.074" tests="7" errors="0" skipped="7" failures="0">
  <properties/>
  <testcase name="shouldInitializeTraceAI" classname="ai.traceai.pinecone.TracedPineconeIndexE2ETest" time="0.0">
    <skipped message="Environment variable [PINECONE_API_KEY] does not exist"/>
  </testcase>
  <testcase name="shouldUpsertVectors" classname="ai.traceai.pinecone.TracedPineconeIndexE2ETest" time="0.0">
    <skipped message="Environment variable [PINECONE_API_KEY] does not exist"/>
  </testcase>
  <testcase name="shouldQueryVectors" classname="ai.traceai.pinecone.TracedPineconeIndexE2ETest" time="0.0">
    <skipped message="Environment variable [PINECONE_API_KEY] does not exist"/>
  </testcase>
  <testcase name="shouldQueryWithNamespaceAndFilter" classname="ai.traceai.pinecone.TracedPineconeIndexE2ETest" time="0.0">
    <skipped message="Environment variable [PINECONE_API_KEY] does not exist"/>
  </testcase>
  <testcase name="shouldFetchVectors" classname="ai.traceai.pinecone.TracedPineconeIndexE2ETest" time="0.0">
    <skipped message="Environment variable [PINECONE_API_KEY] does not exist"/>
  </testcase>
  <testcase name="shouldDeleteVectors" classname="ai.traceai.pinecone.TracedPineconeIndexE2ETest" time="0.0">
    <skipped message="Environment variable [PINECONE_API_KEY] does not exist"/>
  </testcase>
  <testcase name="shouldExposeUnwrappedIndex" classname="ai.traceai.pinecone.TracedPineconeIndexE2ETest" time="0.0">
    <skipped message="Environment variable [PINECONE_API_KEY] does not exist"/>
  </testcase>
</testsuite>