<?xml version="1.0" encoding="UTF-8"?>
<testsuite xmlns:xsi="http://www.w3.org/2001/XMLSchema-instance" xsi:noNamespaceSchemaLocation="https://maven.apache.org/surefire/maven-surefire-plugin/xsd/surefire-test-report-3.0.xsd" version="3.0" name="ai.traceai.cohere.TracedCohereClientE2ETest" time="4.717" tests="5" errors="0" skipped="0" failures="0">
  <properties>
[...]
</properties>
  <testcase name="shouldExportChatSpan" classname="ai.traceai.cohere.TracedCohereClientE2ETest" time="0.626">
    <system-out><![CDATA[[E2E] Error (span still exported): Cohere chat failed
]]></system-out>
    <system-err><![CDATA[SLF4J: No SLF4J providers were found.
SLF4J: Defaulting to no-operation (NOP) logger implementation
SLF4J: See https://www.slf4j.org/codes.html#noProviders for further details.
Feb 22, 2026 2:36:20 AM io.opentelemetry.exporter.logging.LoggingSpanExporter export
INFO: 'Cohere Chat' : 7d3313740abafb7e4f345bfe83b0e9d7 015fae1f10cc91a9 INTERNAL [tracer: traceai-java:0.1.0] AttributesMap{data={input.value=Say 'Hello from Java E2E test' and nothing else., fi.span.kind=LLM, gen_ai.request.model=command-r, fi.raw_input={"accepts":{"value":null},"message":"Say 'Hello from Java E2E test' and nothing else.","model":{"value":"command-r"},"preamble":{"value":null},"chatHistory":{"value":null},"conversationId":{"value":null},"promptTruncation":{"value":null},"connectors":{"value":null},"searchQueriesOnly":{"value":null},"documents":{"value":null},"citationQuality":{"value":null},"temperature":{"value":null},"maxTokens":{"value":50},"maxInputTokens":{"value":null},"k":{"value":null},"p":{"value":null},"seed":{"value":null},"stopSequences":{"value":null},"frequencyPenalty":{"value":null},"presencePenalty":{"value":null},"rawPrompting":{"value":null},"tools":{"value":null},"toolResults":{"value":null},"forceSingleStep":{"value":null},"responseFormat":{"value":null},"safetyMode":{"value":null},"additionalProperties":{}}, gen_ai.request.max_tokens=50, gen_ai.provider.name=cohere, gen_ai.input.messages=[{"role":"user","content":"Say 'Hello from Java E2E test' and nothing else."}], error.type=com.cohere.api.errors.UnauthorizedError, error.message=UnauthorizedError}, capacity=128, totalAddedValues=11}
]]></system-err>
  </testcase>
  <testcase name="shouldExportChatWithTemperatureSpan" classname="ai.traceai.cohere.TracedCohereClientE2ETest" time="0.283">
    <system-out><![CDATA[[E2E] Error (span still exported): Cohere chat failed
]]></system-out>
    <system-err><![CDATA[Feb 22, 2026 2:36:20 AM io.opentelemetry.exporter.logging.LoggingSpanExporter export
INFO: 'Cohere Chat' : 052403b40b6998318c2f7f4da98c0dd0 b5e44695307bc69c INTERNAL [tracer: traceai-java:0.1.0] AttributesMap{data={input.value=What is 2 + 2? Reply with just the number., fi.span.kind=LLM, gen_ai.request.model=command-r, fi.raw_input={"accepts":{"value":null},"message":"What is 2 + 2? Reply with just the number.","model":{"value":"command-r"},"preamble":{"value":null},"chatHistory":{"value":null},"conversationId":{"value":null},"promptTruncation":{"value":null},"connectors":{"value":null},"searchQueriesOnly":{"value":null},"documents":{"value":null},"citationQuality":{"value":null},"temperature":{"value":0.0},"maxTokens":{"value":10},"maxInputTokens":{"value":null},"k":{"value":null},"p":{"value":null},"seed":{"value":null},"stopSequences":{"value":null},"frequencyPenalty":{"value":null},"presencePenalty":{"value":null},"rawPrompting":{"value":null},"tools":{"value":null},"toolResults":{"value":null},"forceSingleStep":{"value":null},"responseFormat":{"value":null},"safetyMode":{"value":null},"additionalProperties":{}}, gen_ai.request.max_tokens=10, gen_ai.provider.name=cohere, gen_ai.input.messages=[{"role":"user","content":"What is 2 + 2? Reply with just the number."}], error.type=com.cohere.api.errors.UnauthorizedError, gen_ai.request.temperature=0.0, error.message=UnauthorizedError}, capacity=128, totalAddedValues=12}
]]></system-err>
  </testcase>
  <testcase name="shouldExportEmbedSpan" classname="ai.traceai.cohere.TracedCohereClientE2ETest" time="0.305">
    <system-out><![CDATA[[E2E] Error (span still exported): Cohere embed failed
]]></system-out>
    <system-err><![CDATA[Feb 22, 2026 2:36:20 AM io.opentelemetry.exporter.logging.LoggingSpanExporter export
INFO: 'Cohere Embed' : 26a4c8b37dfe70250bf77530586fd745 b069e3f8cddf27e8 INTERNAL [tracer: traceai-java:0.1.0] AttributesMap{data={input.value=Hello from Java E2E test
---
Second text for embedding, fi.span.kind=EMBEDDING, fi.raw_input={"texts":{"value":["Hello from Java E2E test","Second text for embedding"]},"images":{"value":null},"model":{"value":"embed-english-v3.0"},"inputType":{"value":{"value":"SEARCH_DOCUMENT","string":"search_document"}},"embeddingTypes":{"value":null},"truncate":{"value":null},"additionalProperties":{}}, embedding.vector_count=2, gen_ai.provider.name=cohere, cohere.input_type=search_document, error.type=com.cohere.api.errors.UnauthorizedError, embedding.model_name=embed-english-v3.0, error.message=UnauthorizedError}, capacity=128, totalAddedValues=10}
]]></system-err>
  </testcase>
  <testcase name="shouldExportRerankSpan" classname="ai.traceai.cohere.TracedCohereClientE2ETest" time="0.289">
    <system-out><![CDATA[[E2E] Error (span still exported): Cohere rerank failed
]]></system-out>
    <system-err><![CDATA[Feb 22, 2026 2:36:20 AM io.opentelemetry.exporter.logging.LoggingSpanExporter export
INFO: 'Cohere Rerank' : 8ab7cce5cf88e572405abbf952607944 042ff545d1f8736c INTERNAL [tracer: traceai-java:0.1.0] AttributesMap{data={input.value=What is the capital of France?, fi.span.kind=RERANKER, gen_ai.request.model=rerank-english-v3.0, fi.raw_input={"model":{"value":"rerank-english-v3.0"},"query":"What is the capital of France?","documents":[{"value":"Paris is the capital of France.","type":0},{"value":"Berlin is the capital of Germany.","type":0},{"value":"Madrid is the capital of Spain.","type":0}],"topN":{"value":2},"rankFields":{"value":null},"returnDocuments":{"value":null},"maxChunksPerDoc":{"value":null},"additionalProperties":{}}, cohere.rerank.query=What is the capital of France?, gen_ai.provider.name=cohere, cohere.rerank.documents_count=3, error.type=com.cohere.api.errors.UnauthorizedError, cohere.rerank.top_n=2, error.message=UnauthorizedError}, capacity=128, totalAddedValues=11}
]]></system-err>
  </testcase>
  <testcase name="shouldCreateTracedClientSuccessfully" classname="ai.traceai.cohere.TracedCohereClientE2ETest" time="0.033"/>
</testsuite>