<?xml version="1.0" encoding="UTF-8"?>
<testsuite xmlns:xsi="http://www.w3.org/2001/XMLSchema-instance" xsi:noNamespaceSchemaLocation="https://maven.apache.org/surefire/maven-surefire-plugin/xsd/surefire-test-report-3.0.xsd" version="3.0" name="ai.traceai.vertexai.TracedGenerativeModelE2ETest" time="7.435" tests="3" errors="0" skipped="0" failures="0">
  <properties>
[...]
</properties>
  <testcase name="shouldExportGenerateContentSpan" classname="ai.traceai.vertexai.TracedGenerativeModelE2ETest" time="2.771">
    <system-out><![CDATA[[E2E] Error (span still exported): io.grpc.StatusRuntimeException: PERMISSION_DENIED: Permission denied on resource project dummy-project-for-e2e.
]]></system-out>
    <system-err><![CDATA[SLF4J: No SLF4J providers were found.
SLF4J: Defaulting to no-operation (NOP) logger implementation
SLF4J: See https://www.slf4j.org/codes.html#noProviders for further details.
Feb 22, 2026 2:36:43 AM io.opentelemetry.exporter.logging.LoggingSpanExporter export
INFO: 'Vertex AI Generate Content' : 2e82aaedce1f3fe602427771e5022476 263a24c42e68ec3c INTERNAL [tracer: traceai-java:0.1.0] AttributesMap{data={error.message=io.grpc.StatusRuntimeException: PERMISSION_DENIED: Permission denied on resource project dummy-project-for-e2e., gen_ai.input.messages=[{"role":"user","content":"Say 'Hello from Java E2E test' and nothing else."}], error.type=com.google.api.gax.rpc.PermissionDeniedException, gen_ai.provider.name=google, fi.span.kind=LLM, gen_ai.request.model=gemini-2.0-flash, input.value=Say 'Hello from Java E2E test' and nothing else.}, capacity=128, totalAddedValues=9}
]]></system-err>
  </testcase>
  <testcase name="shouldExportCountTokensSpan" classname="ai.traceai.vertexai.TracedGenerativeModelE2ETest" time="1.455">
    <system-out><![CDATA[[E2E] Error (span still exported): io.grpc.StatusRuntimeException: PERMISSION_DENIED: Permission denied on resource project dummy-project-for-e2e.
]]></system-out>
    <system-err><![CDATA[Feb 22, 2026 2:36:44 AM io.opentelemetry.exporter.logging.LoggingSpanExporter export
INFO: 'Vertex AI Count Tokens' : 4f4c84f928e92b4a8a34a38c9c3c9a35 e76b5bc2205dbe45 INTERNAL [tracer: traceai-java:0.1.0] AttributesMap{data={error.message=io.grpc.StatusRuntimeException: PERMISSION_DENIED: Permission denied on resource project dummy-project-for-e2e., error.type=com.google.api.gax.rpc.PermissionDeniedException, gen_ai.provider.name=vertexai, fi.span.kind=LLM, gen_ai.request.model=gemini-2.0-flash, input.value=Hello from Java E2E test, count my tokens please.}, capacity=128, totalAddedValues=6}
]]></system-err>
  </testcase>
  <testcase name="shouldCreateTracedModelSuccessfully" classname="ai.traceai.vertexai.TracedGenerativeModelE2ETest" time="0.03"/>
</testsuite>