<?xml version="1.0" encoding="UTF-8"?>
<testsuite xmlns:xsi="http://www.w3.org/2001/XMLSchema-instance" xsi:noNamespaceSchemaLocation="https://maven.apache.org/surefire/maven-surefire-plugin/xsd/surefire-test-report-3.0.xsd" version="3.0" name="ai.traceai.bedrock.TracedBedrockRuntimeClientE2ETest" time="5.29" tests="4" errors="0" skipped="0" failures="0">
  <properties>
[...]
</properties>
  <testcase name="shouldExportConverseSpan" classname="ai.traceai.bedrock.TracedBedrockRuntimeClientE2ETest" time="1.213">
    <system-out><![CDATA[[E2E] Error (span still exported): The security token included in the request is invalid. (Service: BedrockRuntime, Status Code: 403, Request ID: 72b54fbc-6a20-4dd9-8a16-8c5830b76c01)
]]></system-out>
    <system-err><![CDATA[SLF4J: No SLF4J providers were found.
SLF4J: Defaulting to no-operation (NOP) logger implementation
SLF4J: See https://www.slf4j.org/codes.html#noProviders for further details.
Feb 22, 2026 2:36:36 AM io.opentelemetry.exporter.logging.LoggingSpanExporter export
INFO: 'Bedrock Converse' : 4a280fed0b6c879c485b5930b12ccb2e f08ea6f67ad90ffc INTERNAL [tracer: traceai-java:0.1.0] AttributesMap{data={error.message=The security token included in the request is invalid. (Service: BedrockRuntime, Status Code: 403, Request ID: 72b54fbc-6a20-4dd9-8a16-8c5830b76c01), gen_ai.input.messages=[{"role":"user","content":"Say 'Hello from Java E2E test' and nothing else."}], error.type=software.amazon.awssdk.services.bedrockruntime.model.BedrockRuntimeException, gen_ai.request.temperature=0.0, gen_ai.provider.name=anthropic, fi.span.kind=LLM, gen_ai.request.model=anthropic.claude-3-haiku-20240307-v1:0, fi.raw_input=ConverseRequest(ModelId=anthropic.claude-3-haiku-20240307-v1:0, Messages=[Message(Role=user, Content=[ContentBlock(Text=Say 'Hello from Java E2E test' and nothing else.)])], InferenceConfig=InferenceConfiguration(MaxTokens=100, Temperature=0.0)), gen_ai.request.max_tokens=100}, capacity=128, totalAddedValues=10}
]]></system-err>
  </testcase>
  <testcase name="shouldExportConverseWithSystemPromptSpan" classname="ai.traceai.bedrock.TracedBedrockRuntimeClientE2ETest" time="0.238">
    <system-out><![CDATA[[E2E] Error (span still exported): The security token included in the request is invalid. (Service: BedrockRuntime, Status Code: 403, Request ID: f2ec1ef3-d417-4306-99f1-93e40c18c513)
]]></system-out>
    <system-err><![CDATA[Feb 22, 2026 2:36:36 AM io.opentelemetry.exporter.logging.LoggingSpanExporter export
INFO: 'Bedrock Converse' : 3ef9299bd5a9eced61932371ec11a7b0 c18f7e067061e23d INTERNAL [tracer: traceai-java:0.1.0] AttributesMap{data={error.message=The security token included in the request is invalid. (Service: BedrockRuntime, Status Code: 403, Request ID: f2ec1ef3-d417-4306-99f1-93e40c18c513), gen_ai.input.messages=[{"role":"system","content":"You are a helpful assistant that always replies in exactly 3 words."},{"role":"user","content":"What is the meaning of life?"}], error.type=software.amazon.awssdk.services.bedrockruntime.model.BedrockRuntimeException, gen_ai.provider.name=anthropic, fi.span.kind=LLM, gen_ai.request.model=anthropic.claude-3-haiku-20240307-v1:0, fi.raw_input=ConverseRequest(ModelId=anthropic.claude-3-haiku-20240307-v1:0, Messages=[Message(Role=user, Content=[ContentBlock(Text=What is the meaning of life?)])], System=[SystemContentBlock(Text=You are a helpful assistant that always replies in exactly 3 words.)], InferenceConfig=InferenceConfiguration(MaxTokens=50)), gen_ai.request.max_tokens=50}, capacity=128, totalAddedValues=9}
]]></system-err>
  </testcase>
  <testcase name="shouldExportInvokeModelSpan" classname="ai.traceai.bedrock.TracedBedrockRuntimeClientE2ETest" time="0.244">
    <system-out><![CDATA[[E2E] Error (span still exported): The security token included in the request is invalid. (Service: BedrockRuntime, Status Code: 403, Request ID: e3adbcac-3bce-4660-905c-8a23134aab6e)
]]></system-out>
    <system-err><![CDATA[Feb 22, 2026 2:36:36 AM io.opentelemetry.exporter.logging.LoggingSpanExporter export
INFO: 'Bedrock Invoke Model' : 3b00cbb5609f9daccba367e297040a39 5153a0812fa7482a INTERNAL [tracer: traceai-java:0.1.0] AttributesMap{data={error.message=The security token included in the request is invalid. (Service: BedrockRuntime, Status Code: 403, Request ID: e3adbcac-3bce-4660-905c-8a23134aab6e), gen_ai.input.messages=[{"role":"user","content":"Say hello in one word."}], error.type=software.amazon.awssdk.services.bedrockruntime.model.BedrockRuntimeException, gen_ai.provider.name=anthropic, fi.span.kind=LLM, gen_ai.request.model=anthropic.claude-3-haiku-20240307-v1:0, fi.raw_input={"anthropic_version":"bedrock-2023-05-31","max_tokens":100,"messages":[{"role":"user","content":"Say hello in one word."}]}}, capacity=128, totalAddedValues=9}
]]></system-err>
  </testcase>
  <testcase name="shouldCreateTracedClientSuccessfully" classname="ai.traceai.bedrock.TracedBedrockRuntimeClientE2ETest" time="0.022"/>
</testsuite>