<?xml version="1.0" encoding="UTF-8"?>
<testsuite xmlns:xsi="http://www.w3.org/2001/XMLSchema-instance" xsi:noNamespaceSchemaLocation="https://maven.apache.org/surefire/maven-surefire-plugin/xsd/surefire-test-report-3.0.xsd" version="3.0" name="ai.traceai.elasticsearch.TracedElasticsearchClientE2ETest" time="0.002" tests="8" errors="0" skipped="8" failures="0">
  <properties/>
  <testcase name="shouldInitializeTraceAI" classname="ai.traceai.elasticsearch.TracedElasticsearchClientE2ETest" time="0.0">
    <skipped message="Environment variable [ELASTICSEARCH_URL] does not exist"/>
  </testcase>
  <testcase name="shouldCreateIndex" classname="ai.traceai.elasticsearch.TracedElasticsearchClientE2ETest" time="0.0">
    <skipped message="Environment variable [ELASTICSEARCH_URL] does not exist"/>
  </testcase>
  <testcase name="shouldIndexDocument" classname="ai.traceai.elasticsearch.TracedElasticsearchClientE2ETest" time="0.0">
    <skipped message="Environment variable [ELASTICSEARCH_URL] does not exist"/>
  </testcase>
  <testcase name="shouldBulkIndexDocuments" classname="ai.traceai.elasticsearch.TracedElasticsearchClientE2ETest" time="0.0">
    <skipped message="Environment variable [ELASTICSEARCH_URL] does not exist"/>
  </testcase>
  <testcase name="shouldPerformKnnSearch" classname="ai.traceai.elasticsearch.TracedElasticsearchClientE2ETest" time="0.0">
    <skipped message="Environment variable [ELASTICSEARCH_URL] does not exist"/>
  </testcase>
  <testcase name="shouldPerformKnnSearchWithFilter" classname="ai.traceai.elasticsearch.TracedElasticsearchClientE2ETest" time="0.0">
    <skipped message="Environment variable [ELASTICSEARCH_URL] does not exist"/>
  </testcase>
  <testcase name="shouldDeleteDocument" classname="ai.traceai.elasticsearch.TracedElasticsearchClientE2ETest" time="0.0">
    <skipped message="Environment variable [ELASTICSEARCH_URL] does not exist"/>
  </testcase>
  <testcase name="shouldExposeUnwrappedClient" classname="ai.traceai.elasticsearch.TracedElasticsearchClientE2ETest" time="0.0">
    <skipped message="Environment variable [ELASTICSEARCH_URL] does not exist"/>
  </testcase>
</testsuite>