<?xml version="1.0" encoding="UTF-8"?>
<testsuite xmlns:xsi="http://www.w3.org/2001/XMLSchema-instance" xsi:noNamespaceSchemaLocation="https://maven.apache.org/surefire/maven-surefire-plugin/xsd/surefire-test-report-3.0.xsd" version="3.0" name="ai.traceai.elasticsearch.TracedElasticsearchClientTest" time="0.688" tests="4" errors="0" skipped="0" failures="0">
  <properties>
[...]
</properties>
  <testcase name="shouldReturnUnwrappedClient" classname="ai.traceai.elasticsearch.TracedElasticsearchClientTest" time="0.614"/>
  <testcase name="shouldTraceKnnSearchWithCorrectAttributes" classname="ai.traceai.elasticsearch.TracedElasticsearchClientTest" time="0.049"/>
  <testcase name="shouldTraceDeleteWithCorrectAttributes" classname="ai.traceai.elasticsearch.TracedElasticsearchClientTest" time="0.004"/>
  <testcase name="shouldTraceIndexDocumentWithCorrectAttributes" classname="ai.traceai.elasticsearch.TracedElasticsearchClientTest" time="0.003"/>
</testsuite>