<?xml version="1.0" encoding="UTF-8"?>
<testsuite xmlns:xsi="http://www.w3.org/2001/XMLSchema-instance" xsi:noNamespaceSchemaLocation="https://maven.apache.org/surefire/maven-surefire-plugin/xsd/surefire-test-report-3.0.xsd" version="3.0" name="ai.traceai.googlegenai.TracedGenerativeModelE2ETest" time="4.136" tests="4" errors="0" skipped="0" failures="0">
  <properties>
[...]
</properties>
  <testcase name="shouldExportGenerateContentSpan" classname="ai.traceai.googlegenai.TracedGenerativeModelE2ETest" time="0.613">
    <system-out><![CDATA[[E2E] Error (span still exported): Google GenAI generate content failed
]]></system-out>
    <system-err><![CDATA[SLF4J: No SLF4J providers were found.
SLF4J: Defaulting to no-operation (NOP) logger implementation
SLF4J: See https://www.slf4j.org/codes.html#noProviders for further details.
Feb 22, 2026 2:36:25 AM io.opentelemetry.exporter.logging.LoggingSpanExporter export
INFO: 'Google GenAI Generate Content' : f0861b7f3790546304c29ffda3753ac6 8bf943cf336e8002 INTERNAL [tracer: traceai-java:0.1.0] AttributesMap{data={error.message=429 Too Many Requests. You exceeded your current quota, please check your plan and billing details. For more information on this error, head to: https://ai.google.dev/gemini-api/docs/rate-limits. To monitor your current usage, head to: https://ai.dev/rate-limit. 
* Quota exceeded for metric: generativelanguage.googleapis.com/generate_content_free_tier_input_token_count, limit: 0, model: gemini-2.0-flash
* Quota exceeded for metric: generativelanguage.googleapis.com/generate_content_free_tier_requests, limit: 0, model: gemini-2.0-flash
* Quota exceeded for metric: generativelanguage.googleapis.com/generate_content_free_tier_requests, limit: 0, model: gemini-2.0-flash
Please retry in 34.341667965s., error.type=com.google.genai.errors.ClientException, gen_ai.input.messages=[{"role":"user","content":"Say 'Hello from Java E2E test' and nothing else."}], gen_ai.provider.name=google, fi.span.kind=LLM, gen_ai.request.model=gemini-2.0-flash, input.value=Say 'Hello from Java E2E test' and nothing else.}, capacity=128, totalAddedValues=9}
]]></system-err>
  </testcase>
  <testcase name="shouldExportCountTokensSpan" classname="ai.traceai.googlegenai.TracedGenerativeModelE2ETest" time="0.114">
    <system-out><![CDATA[[E2E] Google GenAI token count: 14
]]></system-out>
    <system-err><![CDATA[Feb 22, 2026 2:36:25 AM io.opentelemetry.exporter.logging.LoggingSpanExporter export
INFO: 'Google GenAI Count Tokens' : 5620e6abda69ac1320d7d789c57fe5ec f2a1275b0c5e585a INTERNAL [tracer: traceai-java:0.1.0] AttributesMap{data={gen_ai.provider.name=google-genai, gen_ai.usage.total_tokens=14, fi.span.kind=LLM, gen_ai.request.model=gemini-2.0-flash, input.value=Hello from Java E2E test, count my tokens please.}, capacity=128, totalAddedValues=5}
]]></system-err>
  </testcase>
  <testcase name="shouldExportChatSessionSpan" classname="ai.traceai.googlegenai.TracedGenerativeModelE2ETest" time="0.158">
    <system-out><![CDATA[[E2E] Error (span still exported): Google GenAI chat message failed
]]></system-out>
    <system-err><![CDATA[Feb 22, 2026 2:36:26 AM io.opentelemetry.exporter.logging.LoggingSpanExporter export
INFO: 'Google GenAI Chat Message' : fcc323e32e367ba3c51f101be0703e59 1c6e60781f2934c4 INTERNAL [tracer: traceai-java:0.1.0] AttributesMap{data={error.message=429 Too Many Requests. You exceeded your current quota, please check your plan and billing details. For more information on this error, head to: https://ai.google.dev/gemini-api/docs/rate-limits. To monitor your current usage, head to: https://ai.dev/rate-limit. 
* Quota exceeded for metric: generativelanguage.googleapis.com/generate_content_free_tier_requests, limit: 0, model: gemini-2.0-flash
* Quota exceeded for metric: generativelanguage.googleapis.com/generate_content_free_tier_requests, limit: 0, model: gemini-2.0-flash
* Quota exceeded for metric: generativelanguage.googleapis.com/generate_content_free_tier_input_token_count, limit: 0, model: gemini-2.0-flash
Please retry in 33.931028028s., error.type=com.google.genai.errors.ClientException, gen_ai.input.messages=[{"role":"user","content":"My name is Java E2E Tester."}], gen_ai.provider.name=google, fi.span.kind=LLM, gen_ai.request.model=gemini-2.0-flash, input.value=My name is Java E2E Tester.}, capacity=128, totalAddedValues=8}
]]></system-err>
  </testcase>
  <testcase name="shouldCreateTracedModelSuccessfully" classname="ai.traceai.googlegenai.TracedGenerativeModelE2ETest" time="0.017"/>
</testsuite>