<?xml version="1.0" encoding="UTF-8"?>
<testsuite xmlns:xsi="http://www.w3.org/2001/XMLSchema-instance" xsi:noNamespaceSchemaLocation="https://maven.apache.org/surefire/maven-surefire-plugin/xsd/surefire-test-report-3.0.xsd" version="3.0" name="ai.traceai.azure.search.TracedSearchClientTest" time="0.712" tests="13" errors="0" skipped="0" failures="0">
  <properties>
[...]
</properties>
  <testcase name="shouldCreateSpanForHybridSearch" classname="ai.traceai.azure.search.TracedSearchClientTest" time="0.634">
    <system-err><![CDATA[SLF4J: No SLF4J providers were found.
SLF4J: Defaulting to no-operation (NOP) logger implementation
SLF4J: See https://www.slf4j.org/codes.html#noProviders for further details.
]]></system-err>
  </testcase>
  <testcase name="shouldReturnUnwrappedClient" classname="ai.traceai.azure.search.TracedSearchClientTest" time="0.003"/>
  <testcase name="shouldRecordErrorOnVectorSearchFailure" classname="ai.traceai.azure.search.TracedSearchClientTest" time="0.005"/>
  <testcase name="shouldCreateSpanForVectorSearch" classname="ai.traceai.azure.search.TracedSearchClientTest" time="0.004"/>
  <testcase name="shouldCreateSpanForTextSearch" classname="ai.traceai.azure.search.TracedSearchClientTest" time="0.002"/>
  <testcase name="shouldCreateSpanForGetDocument" classname="ai.traceai.azure.search.TracedSearchClientTest" time="0.002"/>
  <testcase name="shouldReturnIndexName" classname="ai.traceai.azure.search.TracedSearchClientTest" time="0.001"/>
  <testcase name="shouldRecordErrorOnUploadFailure" classname="ai.traceai.azure.search.TracedSearchClientTest" time="0.001"/>
  <testcase name="shouldCreateSpanForUploadDocuments" classname="ai.traceai.azure.search.TracedSearchClientTest" time="0.016"/>
  <testcase name="shouldCreateSpanForDeleteDocuments" classname="ai.traceai.azure.search.TracedSearchClientTest" time="0.003"/>
  <testcase name="shouldCreateSpanForMergeOrUploadDocuments" classname="ai.traceai.azure.search.TracedSearchClientTest" time="0.002"/>
  <testcase name="shouldCreateSpanForGetDocumentCount" classname="ai.traceai.azure.search.TracedSearchClientTest" time="0.001"/>
  <testcase name="shouldCreateSpanForFilteredVectorSearch" classname="ai.traceai.azure.search.TracedSearchClientTest" time="0.002"/>
</testsuite>