<?xml version="1.0" encoding="UTF-8"?>
<testsuite xmlns:xsi="http://www.w3.org/2001/XMLSchema-instance" xsi:noNamespaceSchemaLocation="https://maven.apache.org/surefire/maven-surefire-plugin/xsd/surefire-test-report-3.0.xsd" version="3.0" name="ai.traceai.openai.TracedOpenAIClientE2ETest" time="4.819" tests="5" errors="0" skipped="0" failures="0">
  <properties>
[...]
</properties>
  <testcase name="shouldExportChatCompletionSpan" classname="ai.traceai.openai.TracedOpenAIClientE2ETest" time="0.722">
    <system-out><![CDATA[[E2E] Error (span still exported): 401: OpenAIError{additionalProperties={error={message=Incorrect API key provided: dummy-ke*****-e2e. You can find your API key at https://platform.openai.com/account/api-keys., type=invalid_request_error, param=null, code=invalid_api_key}}}
]]></system-out>
    <system-err><![CDATA[SLF4J: No SLF4J providers were found.
SLF4J: Defaulting to no-operation (NOP) logger implementation
SLF4J: See https://www.slf4j.org/codes.html#noProviders for further details.
Feb 22, 2026 2:36:04 AM io.opentelemetry.exporter.logging.LoggingSpanExporter export
INFO: 'OpenAI Chat Completion' : e2e0ca89c22ccf26236daaf5dcfb6dfb 0efba995d93c8154 INTERNAL [tracer: traceai-java:0.1.0] AttributesMap{data={gen_ai.operation.name=chat, error.message=401: OpenAIError{additionalProperties={error={message=Incorrect API key provided: dummy-ke*****-e2e. You can find your API key at https://platform.openai.com/account/api-keys., type=invalid_request_error, param=null, code=invalid_api_key}}}, gen_ai.input.messages=[{"role":"user","content":"ChatCompletionMessageParam{chatCompletionUserMessageParam=ChatCompletionUserMessageParam{content=Content{textContent=Say 'Hello from Java E2E test' and nothing else.}, role=, name=, additionalProperties={}}}"}], error.type=com.openai.errors.UnauthorizedException, gen_ai.request.max_tokens=50, gen_ai.provider.name=openai, fi.span.kind=LLM, gen_ai.request.model=gpt-4o-mini, fi.raw_input={"messages":[{"chatCompletionDeveloperMessageParam":null,"chatCompletionSystemMessageParam":null,"chatCompletionUserMessageParam":{"content":{},"role":{},"name":{},"additionalProperties":{},"validated":false,"hashCode$delegate":{"initializer":{},"_value":{}}},"chatCompletionAssistantMessageParam":null,"chatCompletionToolMessageParam":null,"chatCompletionFunctionMessageParam":null,"_json":null,"validated":false}],"model":{"value":{}},"audio":null,"frequencyPenalty":null,"functionCall":null,"functions":null,"logitBias":null,"logprobs":null,"maxCompletionTokens":null,"maxTokens":50,"metadata":null,"modalities":null,"n":null,"parallelToolCalls":null,"prediction":null,"presencePenalty":null,"reasoningEffort":null,"responseFormat":null,"seed":null,"serviceTier":null,"stop":null,"store":null,"streamOptions":null,"temperature":null,"toolChoice":null,"tools":null,"topLogprobs":null,"topP":null,"user":null,"additionalHeaders":{"map":{},"size":0},"additionalQueryParams":{"map":{},"size":0},"additionalBodyProperties":{}}}, capacity=128, totalAddedValues=10}
]]></system-err>
  </testcase>
  <testcase name="shouldExportChatCompletionWithTemperatureSpan" classname="ai.traceai.openai.TracedOpenAIClientE2ETest" time="0.375">
    <system-out><![CDATA[[E2E] Error (span still exported): 401: OpenAIError{additionalProperties={error={message=Incorrect API key provided: dummy-ke*****-e2e. You can find your API key at https://platform.openai.com/account/api-keys., type=invalid_request_error, param=null, code=invalid_api_key}}}
]]></system-out>
    <system-err><![CDATA[Feb 22, 2026 2:36:04 AM io.opentelemetry.exporter.logging.LoggingSpanExporter export
INFO: 'OpenAI Chat Completion' : f2ad79efb196e5e9177e4b60a749edb7 0ebf56955265f2c3 INTERNAL [tracer: traceai-java:0.1.0] AttributesMap{data={gen_ai.operation.name=chat, gen_ai.request.temperature=0.0, error.message=401: OpenAIError{additionalProperties={error={message=Incorrect API key provided: dummy-ke*****-e2e. You can find your API key at https://platform.openai.com/account/api-keys., type=invalid_request_error, param=null, code=invalid_api_key}}}, gen_ai.input.messages=[{"role":"user","content":"ChatCompletionMessageParam{chatCompletionUserMessageParam=ChatCompletionUserMessageParam{content=Content{textContent=What is 2 + 2? Reply with just the number.}, role=, name=, additionalProperties={}}}"}], error.type=com.openai.errors.UnauthorizedException, gen_ai.request.max_tokens=10, gen_ai.provider.name=openai, fi.span.kind=LLM, gen_ai.request.model=gpt-4o-mini, fi.raw_input={"messages":[{"chatCompletionDeveloperMessageParam":null,"chatCompletionSystemMessageParam":null,"chatCompletionUserMessageParam":{"content":{},"role":{},"name":{},"additionalProperties":{},"validated":false,"hashCode$delegate":{"initializer":{},"_value":{}}},"chatCompletionAssistantMessageParam":null,"chatCompletionToolMessageParam":null,"chatCompletionFunctionMessageParam":null,"_json":null,"validated":false}],"model":{"value":{}},"audio":null,"frequencyPenalty":null,"functionCall":null,"functions":null,"logitBias":null,"logprobs":null,"maxCompletionTokens":null,"maxTokens":10,"metadata":null,"modalities":null,"n":null,"parallelToolCalls":null,"prediction":null,"presencePenalty":null,"reasoningEffort":null,"responseFormat":null,"seed":null,"serviceTier":null,"stop":null,"store":null,"streamOptions":null,"temperature":0.0,"toolChoice":null,"tools":null,"topLogprobs":null,"topP":null,"user":null,"additionalHeaders":{"map":{},"size":0},"additionalQueryParams":{"map":{},"size":0},"additionalBodyProperties":{}}}, capacity=128, totalAddedValues=11}
]]></system-err>
  </testcase>
  <testcase name="shouldExportEmbeddingSpan" classname="ai.traceai.openai.TracedOpenAIClientE2ETest" time="0.15">
    <system-out><![CDATA[[E2E] Error (span still exported): 401: OpenAIError{additionalProperties={error={message=Incorrect API key provided: dummy-ke*****-e2e. You can find your API key at https://platform.openai.com/account/api-keys., type=invalid_request_error, param=null, code=invalid_api_key}}}
]]></system-out>
    <system-err><![CDATA[Feb 22, 2026 2:36:04 AM io.opentelemetry.exporter.logging.LoggingSpanExporter export
INFO: 'OpenAI Embedding' : a57c3cabd629ab58625055d1886a4692 7169da20733e07e4 INTERNAL [tracer: traceai-java:0.1.0] AttributesMap{data={gen_ai.operation.name=embeddings, embedding.model_name=text-embedding-3-small, error.message=401: OpenAIError{additionalProperties={error={message=Incorrect API key provided: dummy-ke*****-e2e. You can find your API key at https://platform.openai.com/account/api-keys., type=invalid_request_error, param=null, code=invalid_api_key}}}, error.type=com.openai.errors.UnauthorizedException, gen_ai.provider.name=openai, fi.span.kind=EMBEDDING, fi.raw_input={"input":{"string":"Hello from Java E2E test","arrayOfStrings":null,"arrayOfTokens":null,"arrayOfTokenArrays":null,"_json":null,"validated":false},"model":{"value":{}},"dimensions":null,"encodingFormat":null,"user":null,"additionalHeaders":{"map":{},"size":0},"additionalQueryParams":{"map":{},"size":0},"additionalBodyProperties":{}}}, capacity=128, totalAddedValues=7}
]]></system-err>
  </testcase>
  <testcase name="shouldExportStreamingChatCompletionSpan" classname="ai.traceai.openai.TracedOpenAIClientE2ETest" time="0.265">
    <system-out><![CDATA[[E2E] Error (span still exported): 401: OpenAIError{additionalProperties={error={message=Incorrect API key provided: dummy-ke*****-e2e. You can find your API key at https://platform.openai.com/account/api-keys., type=invalid_request_error, param=null, code=invalid_api_key}}}
]]></system-out>
    <system-err><![CDATA[Feb 22, 2026 2:36:05 AM io.opentelemetry.exporter.logging.LoggingSpanExporter export
INFO: 'OpenAI Chat Completion (Stream)' : 9705867d05f40a391242f75bc8b3c2c9 2007d99633fa5ce7 INTERNAL [tracer: traceai-java:0.1.0] AttributesMap{data={gen_ai.operation.name=chat, error.message=401: OpenAIError{additionalProperties={error={message=Incorrect API key provided: dummy-ke*****-e2e. You can find your API key at https://platform.openai.com/account/api-keys., type=invalid_request_error, param=null, code=invalid_api_key}}}, gen_ai.input.messages=[{"role":"user","content":"ChatCompletionMessageParam{chatCompletionUserMessageParam=ChatCompletionUserMessageParam{content=Content{textContent=Count from 1 to 5, separated by commas.}, role=, name=, additionalProperties={}}}"}], error.type=com.openai.errors.UnauthorizedException, gen_ai.provider.name=openai, fi.span.kind=LLM, gen_ai.request.model=gpt-4o-mini, fi.raw_input={"messages":[{"chatCompletionDeveloperMessageParam":null,"chatCompletionSystemMessageParam":null,"chatCompletionUserMessageParam":{"content":{},"role":{},"name":{},"additionalProperties":{},"validated":false,"hashCode$delegate":{"initializer":{},"_value":{}}},"chatCompletionAssistantMessageParam":null,"chatCompletionToolMessageParam":null,"chatCompletionFunctionMessageParam":null,"_json":null,"validated":false}],"model":{"value":{}},"audio":null,"frequencyPenalty":null,"functionCall":null,"functions":null,"logitBias":null,"logprobs":null,"maxCompletionTokens":null,"maxTokens":30,"metadata":null,"modalities":null,"n":null,"parallelToolCalls":null,"prediction":null,"presencePenalty":null,"reasoningEffort":null,"responseFormat":null,"seed":null,"serviceTier":null,"stop":null,"store":null,"streamOptions":null,"temperature":null,"toolChoice":null,"tools":null,"topLogprobs":null,"topP":null,"user":null,"additionalHeaders":{"map":{},"size":0},"additionalQueryParams":{"map":{},"size":0},"additionalBodyProperties":{}}}, capacity=128, totalAddedValues=8}
]]></system-err>
  </testcase>
  <testcase name="shouldCreateTracedClientSuccessfully" classname="ai.traceai.openai.TracedOpenAIClientE2ETest" time="0.033"/>
</testsuite>