<?xml version="1.0" encoding="UTF-8"?>
<testsuite xmlns:xsi="http://www.w3.org/2001/XMLSchema-instance" xsi:noNamespaceSchemaLocation="https://maven.apache.org/surefire/maven-surefire-plugin/xsd/surefire-test-report-3.0.xsd" version="3.0" name="ai.traceai.weaviate.TracedWeaviateClientE2ETest" time="0.003" tests="7" errors="0" skipped="7" failures="0">
  <properties/>
  <testcase name="shouldInitializeTraceAI" classname="ai.traceai.weaviate.TracedWeaviateClientE2ETest" time="0.0">
    <skipped message="Environment variable [WEAVIATE_URL] does not exist"/>
  </testcase>
  <testcase name="shouldCreateObject" classname="ai.traceai.weaviate.TracedWeaviateClientE2ETest" time="0.0">
    <skipped message="Environment variable [WEAVIATE_URL] does not exist"/>
  </testcase>
  <testcase name="shouldPerformNearVectorSearch" classname="ai.traceai.weaviate.TracedWeaviateClientE2ETest" time="0.0">
    <skipped message="Environment variable [WEAVIATE_URL] does not exist"/>
  </testcase>
  <testcase name="shouldGetObjectById" classname="ai.traceai.weaviate.TracedWeaviateClientE2ETest" time="0.0">
    <skipped message="Environment variable [WEAVIATE_URL] does not exist"/>
  </testcase>
  <testcase name="shouldBatchImportObjects" classname="ai.traceai.weaviate.TracedWeaviateClientE2ETest" time="0.0">
    <skipped message="Environment variable [WEAVIATE_URL] does not exist"/>
  </testcase>
  <testcase name="shouldDeleteObject" classname="ai.traceai.weaviate.TracedWeaviateClientE2ETest" time="0.0">
    <skipped message="Environment variable [WEAVIATE_URL] does not exist"/>
  </testcase>
  <testcase name="shouldExposeUnwrappedClient" classname="ai.traceai.weaviate.TracedWeaviateClientE2ETest" time="0.0">
    <skipped message="Environment variable [WEAVIATE_URL] does not exist"/>
  </testcase>
</testsuite>